Build started 02/03/2019 14:39:59.
     1>Project "C:\Dev\EngineVideoGames\Game\Game.vcxproj" on node 2 (Build target(s)).
     1>Link:
         C:\Program Files (x86)\Microsoft Visual Studio 11.0\VC\bin\link.exe /ERRORREPORT:PROMPT /OUT:"C:\Dev\EngineVideoGames\Debug\Game.exe" /INCREMENTAL /NOLOGO /LIBPATH:C:\Dev\EngineVideoGames\res/libs glew32s.lib glfw3.lib opengl32.lib kernel32.lib user32.lib gdi32.lib winspool.lib comdlg32.lib advapi32.lib shell32.lib ole32.lib oleaut32.lib uuid.lib odbc32.lib odbccp32.lib /MANIFEST /MANIFESTUAC:"level='asInvoker' uiAccess='false'" /manifest:embed /DEBUG /PDB:"C:\Dev\EngineVideoGames\Debug\Game.pdb" /TLBID:1 /DYNAMICBASE /NXCOMPAT /IMPLIB:"C:\Dev\EngineVideoGames\Debug\Game.lib" /MACHINE:X86 Debug\game.obj
         Debug\main.obj
         C:\Dev\EngineVideoGames\Debug\DisplayGLFW.lib
         C:\Dev\EngineVideoGames\bin\Debug\EngineVideoGames\EngineVideoGames.lib
     1>LINK : warning LNK4098: defaultlib 'MSVCRT' conflicts with use of other libs; use /NODEFAULTLIB:library
     1>MSVCRTD.lib(cinitexe.obj) : warning LNK4098: defaultlib 'libcmt.lib' conflicts with use of other libs; use /NODEFAULTLIB:library
     1>EngineVideoGames.lib(VertexArray.obj) : warning LNK4049: locally defined symbol ___glewEnableVertexAttribArray imported
     1>EngineVideoGames.lib(VertexArray.obj) : warning LNK4049: locally defined symbol ___glewVertexAttribPointer imported
     1>EngineVideoGames.lib(VertexArray.obj) : warning LNK4049: locally defined symbol ___glewBindVertexArray imported
     1>EngineVideoGames.lib(VertexArray.obj) : warning LNK4049: locally defined symbol ___glewDeleteVertexArrays imported
     1>EngineVideoGames.lib(VertexArray.obj) : warning LNK4049: locally defined symbol ___glewGenVertexArrays imported
     1>EngineVideoGames.lib(VertexBuffer.obj) : warning LNK4049: locally defined symbol ___glewBindBuffer imported
     1>EngineVideoGames.lib(IndexBuffer.obj) : warning LNK4049: locally defined symbol ___glewBindBuffer imported
     1>EngineVideoGames.lib(VertexBuffer.obj) : warning LNK4049: locally defined symbol ___glewBufferData imported
     1>EngineVideoGames.lib(IndexBuffer.obj) : warning LNK4049: locally defined symbol ___glewBufferData imported
     1>EngineVideoGames.lib(VertexBuffer.obj) : warning LNK4049: locally defined symbol ___glewDeleteBuffers imported
     1>EngineVideoGames.lib(IndexBuffer.obj) : warning LNK4049: locally defined symbol ___glewDeleteBuffers imported
     1>EngineVideoGames.lib(VertexBuffer.obj) : warning LNK4049: locally defined symbol ___glewGenBuffers imported
     1>EngineVideoGames.lib(IndexBuffer.obj) : warning LNK4049: locally defined symbol ___glewGenBuffers imported
     1>glew32s.lib(glew.obj) : warning LNK4099: PDB 'vc100.pdb' was not found with 'glew32s.lib(glew.obj)' or at 'C:\Dev\EngineVideoGames\Debug\vc100.pdb'; linking object as if no debug info
         Game.vcxproj -> C:\Dev\EngineVideoGames\Debug\Game.exe
     1>Done Building Project "C:\Dev\EngineVideoGames\Game\Game.vcxproj" (Build target(s)).

Build succeeded.

Time Elapsed 00:00:00.90
